#
# A fatal error has been detected by the Java Runtime Environment:
#
#  SIGSEGV (0xb) at pc=0x00007f6bf56e9c84, pid=16580, tid=16619
#
# JRE version:  (17.0.9) (build )
# Java VM: OpenJDK 64-Bit Server VM (17.0.9+0-suse-150400.3.33.1-x8664, mixed mode, sharing, tiered, compressed oops, compressed class ptrs, g1 gc, linux-amd64)
# Problematic frame:
# V  [libjvm.so+0x836c84]  InstanceKlass::allocate_instance_handle(JavaThread*)+0x14
#
# Core dump will be written. Default location: Core dumps may be processed with "/bin/false" (or dumping to /data/swittche/github/CRIMSy/ui/core.16580)
#
#

---------------  S U M M A R Y ------------

Command Line: -Dclassworlds.conf=/usr/share/maven/bin/m2.conf -Dmaven.home=/usr/share/maven -Dlibrary.jansi.path=/usr/share/maven/lib/jansi-native -Dmaven.multiModuleProjectDirectory=/data/swittche/github/CRIMSy/ui org.codehaus.plexus.classworlds.launcher.Launcher -DskipTests package

Host: Intel(R) Core(TM) i7-3820 CPU @ 3.60GHz, 8 cores, 15G, openSUSE Leap 15.4
Time: Mon Apr  8 10:11:56 2024 CEST elapsed time: 4.123433 seconds (0d 0h 0m 4s)

---------------  T H R E A D  ---------------

Current thread (0x00007f6b70000bb0):  JavaThread "Unknown thread" [_thread_in_vm, id=16619, stack(0x00007f6b762a1000,0x00007f6b76aa1000)]

Stack: [0x00007f6b762a1000,0x00007f6b76aa1000],  sp=0x00007f6b76a9fce0,  free space=8187k
Native frames: (J=compiled Java code, j=interpreted, Vv=VM code, C=native code)
V  [libjvm.so+0x836c84]  InstanceKlass::allocate_instance_handle(JavaThread*)+0x14
V  [libjvm.so+0xee290b]  JavaThread::allocate_threadObj(Handle, char const*, bool, JavaThread*)+0x3b
V  [libjvm.so+0x8f3f42]  attach_current_thread.part.255+0x152
V  [libjvm.so+0x8f41ad]  jni_AttachCurrentThread+0x6d
C  0x00007f6b76bde701
C  0x00007f6b76bdea4e


siginfo: si_signo: 11 (SIGSEGV), si_code: 1 (SEGV_MAPERR), si_addr: 0x0000000000000008

Registers:
RAX=0x00007f6bf6299880, RBX=0x00007f6b70000bb0, RCX=0x0000000000000000, RDX=0x0000000000000000
RSP=0x00007f6b76a9fce0, RBP=0x00007f6b76a9fd20, RSI=0x00007f6b70000bb0, RDI=0x0000000000000000
R8 =0x00007f6b70000bb0, R9 =0x0000000000000000, R10=0x0000000000000000, R11=0x0000000000000000
R12=0x0000000000000000, R13=0x00007f6b76a9fce0, R14=0x00007f6b76a9fde0, R15=0x0000000000000000
RIP=0x00007f6bf56e9c84, EFLAGS=0x0000000000010202, CSGSFS=0x002b000000000033, ERR=0x0000000000000004
  TRAPNO=0x000000000000000e


Top of Stack: (sp=0x00007f6b76a9fce0)
0x00007f6b76a9fce0:   00007f6b70001fd0 0000000000000003
0x00007f6b76a9fcf0:   00007f6b76a9fd50 00007f6bf52748b9
0x00007f6b76a9fd00:   00007f6b76a9fd40 00007f6b70000bb0
0x00007f6b76a9fd10:   0000000000000000 0000000000000000
0x00007f6b76a9fd20:   00007f6b76a9fdb0 00007f6bf5d9590b
0x00007f6b76a9fd30:   0000000000000000 00007f6b70000bb0
0x00007f6b76a9fd40:   00007f6bf6298880 0000000000000000
0x00007f6b76a9fd50:   0000000000000000 00007f6b70000bb0
0x00007f6b76a9fd60:   00007f6b76a9fd80 00007f6bf0011b10
0x00007f6b76a9fd70:   00007f6b76a9fd90 9c964a4e81c1e200
0x00007f6b76a9fd80:   00007f6b70000bb0 00007f6b70000bb0
0x00007f6b76a9fd90:   0000000000000000 00007f6b70000bb0
0x00007f6b76a9fda0:   00007f6b76a9fde0 00007f6b76a9fdf0
0x00007f6b76a9fdb0:   00007f6b76a9fe60 00007f6bf57a6f42
0x00007f6b76a9fdc0:   00007f6b70000020 0000000000000000
0x00007f6b76a9fdd0:   0000000000000000 00007f6b76a9feb0
0x00007f6b76a9fde0:   00007f6b70000bb0 0000000000000000
0x00007f6b76a9fdf0:   00007f6b70000bb0 00007f6b70001560
0x00007f6b76a9fe00:   00007f6b700015a0 00007f6b700015b0
0x00007f6b76a9fe10:   00007f6b70001688 00000000000000d8
0x00007f6b76a9fe20:   00007f6b700017b0 0000000000000000
0x00007f6b76a9fe30:   00007f6b76a9fe60 0000000000000000
0x00007f6b76a9fe40:   0000000000000000 00007f6b76a9feb0
0x00007f6b76a9fe50:   0000000000000000 0000000000000000
0x00007f6b76a9fe60:   00007f6b76a9fe90 00007f6bf57a71ad
0x00007f6b76a9fe70:   0000000000000000 0000000000000000
0x00007f6b76a9fe80:   00007f6bcc26defe 00007f6bcc26deff
0x00007f6b76a9fe90:   00007f6b76a9fec0 00007f6b76bde701
0x00007f6b76a9fea0:   00007f6bcc271838 00007f6bf621a4e0
0x00007f6b76a9feb0:   0000000000000000 ffffffff00000000
0x00007f6b76a9fec0:   00007f6b76a9fef0 00007f6b76bdea4e
0x00007f6b76a9fed0:   0000000000000000 00007f6bcc271830 

Instructions: (pc=0x00007f6bf56e9c84)
0x00007f6bf56e9b84:   89 e2 4c 89 ee e8 72 3f 02 00 48 83 7b 08 00 75
0x00007f6bf56e9b94:   3b 48 8b 85 20 ff ff ff 48 85 c0 74 2f 48 8b 18
0x00007f6bf56e9ba4:   4c 89 ef e8 f4 d7 fa ff 48 8b 4d d8 64 48 33 0c
0x00007f6bf56e9bb4:   25 28 00 00 00 48 89 d8 75 16 48 81 c4 d8 00 00
0x00007f6bf56e9bc4:   00 5b 41 5c 41 5d 5d c3 0f 1f 40 00 31 db eb d0
0x00007f6bf56e9bd4:   e8 57 a2 a1 ff 90 66 0f 1f 44 00 00 55 48 89 e5
0x00007f6bf56e9be4:   41 54 53 49 89 f4 48 83 ec 20 8b 47 08 8b 9f a4
0x00007f6bf56e9bf4:   00 00 00 48 89 7d e0 48 8d 7d d0 48 89 75 d8 c1
0x00007f6bf56e9c04:   f8 03 81 e3 00 00 00 40 48 98 48 89 45 e8 48 8d
0x00007f6bf56e9c14:   05 17 4f a8 00 48 83 c0 10 48 89 45 d0 e8 1a 95
0x00007f6bf56e9c24:   36 00 49 83 7c 24 08 00 75 35 85 db 74 0c 48 8d
0x00007f6bf56e9c34:   15 9a fa b2 00 80 3a 00 74 12 48 83 c4 20 5b 41
0x00007f6bf56e9c44:   5c 5d c3 66 0f 1f 84 00 00 00 00 00 4c 89 e6 48
0x00007f6bf56e9c54:   89 c7 e8 45 fe ff ff 49 83 7c 24 08 00 74 db 48
0x00007f6bf56e9c64:   83 c4 20 31 c0 5b 41 5c 5d c3 66 90 55 48 89 e5
0x00007f6bf56e9c74:   41 55 41 54 53 4c 8d 6d c0 48 89 f3 48 83 ec 28
0x00007f6bf56e9c84:   8b 47 08 44 8b a7 a4 00 00 00 48 89 7d d0 4c 89
0x00007f6bf56e9c94:   ef 48 89 75 c8 c1 f8 03 41 81 e4 00 00 00 40 48
0x00007f6bf56e9ca4:   98 48 89 45 d8 48 8d 05 80 4e a8 00 48 83 c0 10
0x00007f6bf56e9cb4:   48 89 45 c0 e8 83 94 36 00 48 83 7b 08 00 75 4c
0x00007f6bf56e9cc4:   45 85 e4 74 0c 48 8d 15 03 fa b2 00 80 3a 00 74
0x00007f6bf56e9cd4:   23 48 89 c2 48 89 de 4c 89 ef e8 ed 39 ba ff 48
0x00007f6bf56e9ce4:   8b 45 c0 48 83 c4 28 5b 41 5c 41 5d 5d c3 66 0f
0x00007f6bf56e9cf4:   1f 44 00 00 48 89 de 48 89 c7 e8 9d fd ff ff 48
0x00007f6bf56e9d04:   83 7b 08 00 74 cb 66 0f 1f 44 00 00 31 c0 eb c1
0x00007f6bf56e9d14:   66 66 2e 0f 1f 84 00 00 00 00 00 90 55 48 89 e5
0x00007f6bf56e9d24:   41 55 41 54 53 49 89 fd 48 89 f3 48 81 ec 08 01
0x00007f6bf56e9d34:   00 00 64 48 8b 04 25 28 00 00 00 48 89 45 d8 31
0x00007f6bf56e9d44:   c0 e8 a6 ba ff ff 48 89 85 e8 fe ff ff 48 85 c0
0x00007f6bf56e9d54:   f3 0f 7e 85 e8 fe ff ff 48 89 9d e8 fe ff ff 0f
0x00007f6bf56e9d64:   16 85 e8 fe ff ff 0f 29 85 f0 fe ff ff 74 1a 48
0x00007f6bf56e9d74:   8d b5 00 ff ff ff 48 8b bb 48 02 00 00 48 89 85 



---------------  P R O C E S S  ---------------

Threads class SMR info:
_java_thread_list=0x00007f6b70001cf0, length=1, elements={
0x00007f6b70000bb0
}

Java Threads: ( => current thread )
=>0x00007f6b70000bb0 JavaThread "Unknown thread" [_thread_in_vm, id=16619, stack(0x00007f6b762a1000,0x00007f6b76aa1000)]

Other Threads:
  0x00007f6bf007f8c0 GCTaskThread "GC Thread#0" [stack: 0x00007f6bcf485000,0x00007f6bcf585000] [id=16612]
  0x00007f6bf00907e0 ConcurrentGCThread "G1 Main Marker" [stack: 0x00007f6bcf384000,0x00007f6bcf484000] [id=16613]
  0x00007f6bf0091750 ConcurrentGCThread "G1 Conc#0" [stack: 0x00007f6bcf283000,0x00007f6bcf383000] [id=16614]
  0x00007f6bf0146390 ConcurrentGCThread "G1 Refine#0" [stack: 0x00007f6bcc97a000,0x00007f6bcca7a000] [id=16615]
  0x00007f6bf0147290 ConcurrentGCThread "G1 Service" [stack: 0x00007f6bcc879000,0x00007f6bcc979000] [id=16616]

Threads with active compile tasks:

VM state: not at safepoint (not fully initialized)

VM Mutex/Monitor currently owned by a thread: None

Heap address: 0x0000000706e00000, size: 3986 MB, Compressed Oops mode: Zero based, Oop shift amount: 3

CDS archive(s) mapped at: [0x00007f6b77000000-0x00007f6b77be0000-0x00007f6b77be0000), size 12451840, SharedBaseAddress: 0x00007f6b77000000, ArchiveRelocationMode: 1.
Compressed class space mapped at: 0x00007f6b78000000-0x00007f6bb8000000, reserved size: 1073741824
Narrow klass base: 0x00007f6b77000000, Narrow klass shift: 0, Narrow klass range: 0x100000000

GC Precious Log:
 CPUs: 8 total, 8 available
 Memory: 15937M
 Large Page Support: Disabled
 NUMA Support: Disabled
 Compressed Oops: Enabled (Zero based)
 Heap Region Size: 2M
 Heap Min Capacity: 8M
 Heap Initial Capacity: 250M
 Heap Max Capacity: 3986M
 Pre-touch: Disabled
 Parallel Workers: 8
 Concurrent Workers: 2
 Concurrent Refinement Workers: 8
 Periodic GC: Disabled

Heap:
 garbage-first heap   total 260096K, used 952K [0x0000000706e00000, 0x0000000800000000)
  region size 2048K, 0 young (0K), 0 survivors (0K)
 Metaspace       used 0K, committed 0K, reserved 1048576K
  class space    used 0K, committed 0K, reserved 1048576K

Heap Regions: E=young(eden), S=young(survivor), O=old, HS=humongous(starts), HC=humongous(continues), CS=collection set, F=free, OA=open archive, CA=closed archive, TAMS=top-at-mark-start (previous, next)
|   0|0x0000000706e00000, 0x0000000706e00000, 0x0000000707000000|  0%| F|  |TAMS 0x0000000706e00000, 0x0000000706e00000| Untracked 
|   1|0x0000000707000000, 0x0000000707000000, 0x0000000707200000|  0%| F|  |TAMS 0x0000000707000000, 0x0000000707000000| Untracked 
|   2|0x0000000707200000, 0x0000000707200000, 0x0000000707400000|  0%| F|  |TAMS 0x0000000707200000, 0x0000000707200000| Untracked 
|   3|0x0000000707400000, 0x0000000707400000, 0x0000000707600000|  0%| F|  |TAMS 0x0000000707400000, 0x0000000707400000| Untracked 
|   4|0x0000000707600000, 0x0000000707600000, 0x0000000707800000|  0%| F|  |TAMS 0x0000000707600000, 0x0000000707600000| Untracked 
|   5|0x0000000707800000, 0x0000000707800000, 0x0000000707a00000|  0%| F|  |TAMS 0x0000000707800000, 0x0000000707800000| Untracked 
|   6|0x0000000707a00000, 0x0000000707a00000, 0x0000000707c00000|  0%| F|  |TAMS 0x0000000707a00000, 0x0000000707a00000| Untracked 
|   7|0x0000000707c00000, 0x0000000707c00000, 0x0000000707e00000|  0%| F|  |TAMS 0x0000000707c00000, 0x0000000707c00000| Untracked 
|   8|0x0000000707e00000, 0x0000000707e00000, 0x0000000708000000|  0%| F|  |TAMS 0x0000000707e00000, 0x0000000707e00000| Untracked 
|   9|0x0000000708000000, 0x0000000708000000, 0x0000000708200000|  0%| F|  |TAMS 0x0000000708000000, 0x0000000708000000| Untracked 
|  10|0x0000000708200000, 0x0000000708200000, 0x0000000708400000|  0%| F|  |TAMS 0x0000000708200000, 0x0000000708200000| Untracked 
|  11|0x0000000708400000, 0x0000000708400000, 0x0000000708600000|  0%| F|  |TAMS 0x0000000708400000, 0x0000000708400000| Untracked 
|  12|0x0000000708600000, 0x0000000708600000, 0x0000000708800000|  0%| F|  |TAMS 0x0000000708600000, 0x0000000708600000| Untracked 
|  13|0x0000000708800000, 0x0000000708800000, 0x0000000708a00000|  0%| F|  |TAMS 0x0000000708800000, 0x0000000708800000| Untracked 
|  14|0x0000000708a00000, 0x0000000708a00000, 0x0000000708c00000|  0%| F|  |TAMS 0x0000000708a00000, 0x0000000708a00000| Untracked 
|  15|0x0000000708c00000, 0x0000000708c00000, 0x0000000708e00000|  0%| F|  |TAMS 0x0000000708c00000, 0x0000000708c00000| Untracked 
|  16|0x0000000708e00000, 0x0000000708e00000, 0x0000000709000000|  0%| F|  |TAMS 0x0000000708e00000, 0x0000000708e00000| Untracked 
|  17|0x0000000709000000, 0x0000000709000000, 0x0000000709200000|  0%| F|  |TAMS 0x0000000709000000, 0x0000000709000000| Untracked 
|  18|0x0000000709200000, 0x0000000709200000, 0x0000000709400000|  0%| F|  |TAMS 0x0000000709200000, 0x0000000709200000| Untracked 
|  19|0x0000000709400000, 0x0000000709400000, 0x0000000709600000|  0%| F|  |TAMS 0x0000000709400000, 0x0000000709400000| Untracked 
|  20|0x0000000709600000, 0x0000000709600000, 0x0000000709800000|  0%| F|  |TAMS 0x0000000709600000, 0x0000000709600000| Untracked 
|  21|0x0000000709800000, 0x0000000709800000, 0x0000000709a00000|  0%| F|  |TAMS 0x0000000709800000, 0x0000000709800000| Untracked 
|  22|0x0000000709a00000, 0x0000000709a00000, 0x0000000709c00000|  0%| F|  |TAMS 0x0000000709a00000, 0x0000000709a00000| Untracked 
|  23|0x0000000709c00000, 0x0000000709c00000, 0x0000000709e00000|  0%| F|  |TAMS 0x0000000709c00000, 0x0000000709c00000| Untracked 
|  24|0x0000000709e00000, 0x0000000709e00000, 0x000000070a000000|  0%| F|  |TAMS 0x0000000709e00000, 0x0000000709e00000| Untracked 
|  25|0x000000070a000000, 0x000000070a000000, 0x000000070a200000|  0%| F|  |TAMS 0x000000070a000000, 0x000000070a000000| Untracked 
|  26|0x000000070a200000, 0x000000070a200000, 0x000000070a400000|  0%| F|  |TAMS 0x000000070a200000, 0x000000070a200000| Untracked 
|  27|0x000000070a400000, 0x000000070a400000, 0x000000070a600000|  0%| F|  |TAMS 0x000000070a400000, 0x000000070a400000| Untracked 
|  28|0x000000070a600000, 0x000000070a600000, 0x000000070a800000|  0%| F|  |TAMS 0x000000070a600000, 0x000000070a600000| Untracked 
|  29|0x000000070a800000, 0x000000070a800000, 0x000000070aa00000|  0%| F|  |TAMS 0x000000070a800000, 0x000000070a800000| Untracked 
|  30|0x000000070aa00000, 0x000000070aa00000, 0x000000070ac00000|  0%| F|  |TAMS 0x000000070aa00000, 0x000000070aa00000| Untracked 
|  31|0x000000070ac00000, 0x000000070ac00000, 0x000000070ae00000|  0%| F|  |TAMS 0x000000070ac00000, 0x000000070ac00000| Untracked 
|  32|0x000000070ae00000, 0x000000070ae00000, 0x000000070b000000|  0%| F|  |TAMS 0x000000070ae00000, 0x000000070ae00000| Untracked 
|  33|0x000000070b000000, 0x000000070b000000, 0x000000070b200000|  0%| F|  |TAMS 0x000000070b000000, 0x000000070b000000| Untracked 
|  34|0x000000070b200000, 0x000000070b200000, 0x000000070b400000|  0%| F|  |TAMS 0x000000070b200000, 0x000000070b200000| Untracked 
|  35|0x000000070b400000, 0x000000070b400000, 0x000000070b600000|  0%| F|  |TAMS 0x000000070b400000, 0x000000070b400000| Untracked 
|  36|0x000000070b600000, 0x000000070b600000, 0x000000070b800000|  0%| F|  |TAMS 0x000000070b600000, 0x000000070b600000| Untracked 
|  37|0x000000070b800000, 0x000000070b800000, 0x000000070ba00000|  0%| F|  |TAMS 0x000000070b800000, 0x000000070b800000| Untracked 
|  38|0x000000070ba00000, 0x000000070ba00000, 0x000000070bc00000|  0%| F|  |TAMS 0x000000070ba00000, 0x000000070ba00000| Untracked 
|  39|0x000000070bc00000, 0x000000070bc00000, 0x000000070be00000|  0%| F|  |TAMS 0x000000070bc00000, 0x000000070bc00000| Untracked 
|  40|0x000000070be00000, 0x000000070be00000, 0x000000070c000000|  0%| F|  |TAMS 0x000000070be00000, 0x000000070be00000| Untracked 
|  41|0x000000070c000000, 0x000000070c000000, 0x000000070c200000|  0%| F|  |TAMS 0x000000070c000000, 0x000000070c000000| Untracked 
|  42|0x000000070c200000, 0x000000070c200000, 0x000000070c400000|  0%| F|  |TAMS 0x000000070c200000, 0x000000070c200000| Untracked 
|  43|0x000000070c400000, 0x000000070c400000, 0x000000070c600000|  0%| F|  |TAMS 0x000000070c400000, 0x000000070c400000| Untracked 
|  44|0x000000070c600000, 0x000000070c600000, 0x000000070c800000|  0%| F|  |TAMS 0x000000070c600000, 0x000000070c600000| Untracked 
|  45|0x000000070c800000, 0x000000070c800000, 0x000000070ca00000|  0%| F|  |TAMS 0x000000070c800000, 0x000000070c800000| Untracked 
|  46|0x000000070ca00000, 0x000000070ca00000, 0x000000070cc00000|  0%| F|  |TAMS 0x000000070ca00000, 0x000000070ca00000| Untracked 
|  47|0x000000070cc00000, 0x000000070cc00000, 0x000000070ce00000|  0%| F|  |TAMS 0x000000070cc00000, 0x000000070cc00000| Untracked 
|  48|0x000000070ce00000, 0x000000070ce00000, 0x000000070d000000|  0%| F|  |TAMS 0x000000070ce00000, 0x000000070ce00000| Untracked 
|  49|0x000000070d000000, 0x000000070d000000, 0x000000070d200000|  0%| F|  |TAMS 0x000000070d000000, 0x000000070d000000| Untracked 
|  50|0x000000070d200000, 0x000000070d200000, 0x000000070d400000|  0%| F|  |TAMS 0x000000070d200000, 0x000000070d200000| Untracked 
|  51|0x000000070d400000, 0x000000070d400000, 0x000000070d600000|  0%| F|  |TAMS 0x000000070d400000, 0x000000070d400000| Untracked 
|  52|0x000000070d600000, 0x000000070d600000, 0x000000070d800000|  0%| F|  |TAMS 0x000000070d600000, 0x000000070d600000| Untracked 
|  53|0x000000070d800000, 0x000000070d800000, 0x000000070da00000|  0%| F|  |TAMS 0x000000070d800000, 0x000000070d800000| Untracked 
|  54|0x000000070da00000, 0x000000070da00000, 0x000000070dc00000|  0%| F|  |TAMS 0x000000070da00000, 0x000000070da00000| Untracked 
|  55|0x000000070dc00000, 0x000000070dc00000, 0x000000070de00000|  0%| F|  |TAMS 0x000000070dc00000, 0x000000070dc00000| Untracked 
|  56|0x000000070de00000, 0x000000070de00000, 0x000000070e000000|  0%| F|  |TAMS 0x000000070de00000, 0x000000070de00000| Untracked 
|  57|0x000000070e000000, 0x000000070e000000, 0x000000070e200000|  0%| F|  |TAMS 0x000000070e000000, 0x000000070e000000| Untracked 
|  58|0x000000070e200000, 0x000000070e200000, 0x000000070e400000|  0%| F|  |TAMS 0x000000070e200000, 0x000000070e200000| Untracked 
|  59|0x000000070e400000, 0x000000070e400000, 0x000000070e600000|  0%| F|  |TAMS 0x000000070e400000, 0x000000070e400000| Untracked 
|  60|0x000000070e600000, 0x000000070e600000, 0x000000070e800000|  0%| F|  |TAMS 0x000000070e600000, 0x000000070e600000| Untracked 
|  61|0x000000070e800000, 0x000000070e800000, 0x000000070ea00000|  0%| F|  |TAMS 0x000000070e800000, 0x000000070e800000| Untracked 
|  62|0x000000070ea00000, 0x000000070ea00000, 0x000000070ec00000|  0%| F|  |TAMS 0x000000070ea00000, 0x000000070ea00000| Untracked 
|  63|0x000000070ec00000, 0x000000070ec00000, 0x000000070ee00000|  0%| F|  |TAMS 0x000000070ec00000, 0x000000070ec00000| Untracked 
|  64|0x000000070ee00000, 0x000000070ee00000, 0x000000070f000000|  0%| F|  |TAMS 0x000000070ee00000, 0x000000070ee00000| Untracked 
|  65|0x000000070f000000, 0x000000070f000000, 0x000000070f200000|  0%| F|  |TAMS 0x000000070f000000, 0x000000070f000000| Untracked 
|  66|0x000000070f200000, 0x000000070f200000, 0x000000070f400000|  0%| F|  |TAMS 0x000000070f200000, 0x000000070f200000| Untracked 
|  67|0x000000070f400000, 0x000000070f400000, 0x000000070f600000|  0%| F|  |TAMS 0x000000070f400000, 0x000000070f400000| Untracked 
|  68|0x000000070f600000, 0x000000070f600000, 0x000000070f800000|  0%| F|  |TAMS 0x000000070f600000, 0x000000070f600000| Untracked 
|  69|0x000000070f800000, 0x000000070f800000, 0x000000070fa00000|  0%| F|  |TAMS 0x000000070f800000, 0x000000070f800000| Untracked 
|  70|0x000000070fa00000, 0x000000070fa00000, 0x000000070fc00000|  0%| F|  |TAMS 0x000000070fa00000, 0x000000070fa00000| Untracked 
|  71|0x000000070fc00000, 0x000000070fc00000, 0x000000070fe00000|  0%| F|  |TAMS 0x000000070fc00000, 0x000000070fc00000| Untracked 
|  72|0x000000070fe00000, 0x000000070fe00000, 0x0000000710000000|  0%| F|  |TAMS 0x000000070fe00000, 0x000000070fe00000| Untracked 
|  73|0x0000000710000000, 0x0000000710000000, 0x0000000710200000|  0%| F|  |TAMS 0x0000000710000000, 0x0000000710000000| Untracked 
|  74|0x0000000710200000, 0x0000000710200000, 0x0000000710400000|  0%| F|  |TAMS 0x0000000710200000, 0x0000000710200000| Untracked 
|  75|0x0000000710400000, 0x0000000710400000, 0x0000000710600000|  0%| F|  |TAMS 0x0000000710400000, 0x0000000710400000| Untracked 
|  76|0x0000000710600000, 0x0000000710600000, 0x0000000710800000|  0%| F|  |TAMS 0x0000000710600000, 0x0000000710600000| Untracked 
|  77|0x0000000710800000, 0x0000000710800000, 0x0000000710a00000|  0%| F|  |TAMS 0x0000000710800000, 0x0000000710800000| Untracked 
|  78|0x0000000710a00000, 0x0000000710a00000, 0x0000000710c00000|  0%| F|  |TAMS 0x0000000710a00000, 0x0000000710a00000| Untracked 
|  79|0x0000000710c00000, 0x0000000710c00000, 0x0000000710e00000|  0%| F|  |TAMS 0x0000000710c00000, 0x0000000710c00000| Untracked 
|  80|0x0000000710e00000, 0x0000000710e00000, 0x0000000711000000|  0%| F|  |TAMS 0x0000000710e00000, 0x0000000710e00000| Untracked 
|  81|0x0000000711000000, 0x0000000711000000, 0x0000000711200000|  0%| F|  |TAMS 0x0000000711000000, 0x0000000711000000| Untracked 
|  82|0x0000000711200000, 0x0000000711200000, 0x0000000711400000|  0%| F|  |TAMS 0x0000000711200000, 0x0000000711200000| Untracked 
|  83|0x0000000711400000, 0x0000000711400000, 0x0000000711600000|  0%| F|  |TAMS 0x0000000711400000, 0x0000000711400000| Untracked 
|  84|0x0000000711600000, 0x0000000711600000, 0x0000000711800000|  0%| F|  |TAMS 0x0000000711600000, 0x0000000711600000| Untracked 
|  85|0x0000000711800000, 0x0000000711800000, 0x0000000711a00000|  0%| F|  |TAMS 0x0000000711800000, 0x0000000711800000| Untracked 
|  86|0x0000000711a00000, 0x0000000711a00000, 0x0000000711c00000|  0%| F|  |TAMS 0x0000000711a00000, 0x0000000711a00000| Untracked 
|  87|0x0000000711c00000, 0x0000000711c00000, 0x0000000711e00000|  0%| F|  |TAMS 0x0000000711c00000, 0x0000000711c00000| Untracked 
|  88|0x0000000711e00000, 0x0000000711e00000, 0x0000000712000000|  0%| F|  |TAMS 0x0000000711e00000, 0x0000000711e00000| Untracked 
|  89|0x0000000712000000, 0x0000000712000000, 0x0000000712200000|  0%| F|  |TAMS 0x0000000712000000, 0x0000000712000000| Untracked 
|  90|0x0000000712200000, 0x0000000712200000, 0x0000000712400000|  0%| F|  |TAMS 0x0000000712200000, 0x0000000712200000| Untracked 
|  91|0x0000000712400000, 0x0000000712400000, 0x0000000712600000|  0%| F|  |TAMS 0x0000000712400000, 0x0000000712400000| Untracked 
|  92|0x0000000712600000, 0x0000000712600000, 0x0000000712800000|  0%| F|  |TAMS 0x0000000712600000, 0x0000000712600000| Untracked 
|  93|0x0000000712800000, 0x0000000712800000, 0x0000000712a00000|  0%| F|  |TAMS 0x0000000712800000, 0x0000000712800000| Untracked 
|  94|0x0000000712a00000, 0x0000000712a00000, 0x0000000712c00000|  0%| F|  |TAMS 0x0000000712a00000, 0x0000000712a00000| Untracked 
|  95|0x0000000712c00000, 0x0000000712c00000, 0x0000000712e00000|  0%| F|  |TAMS 0x0000000712c00000, 0x0000000712c00000| Untracked 
|  96|0x0000000712e00000, 0x0000000712e00000, 0x0000000713000000|  0%| F|  |TAMS 0x0000000712e00000, 0x0000000712e00000| Untracked 
|  97|0x0000000713000000, 0x0000000713000000, 0x0000000713200000|  0%| F|  |TAMS 0x0000000713000000, 0x0000000713000000| Untracked 
|  98|0x0000000713200000, 0x0000000713200000, 0x0000000713400000|  0%| F|  |TAMS 0x0000000713200000, 0x0000000713200000| Untracked 
|  99|0x0000000713400000, 0x0000000713400000, 0x0000000713600000|  0%| F|  |TAMS 0x0000000713400000, 0x0000000713400000| Untracked 
| 100|0x0000000713600000, 0x0000000713600000, 0x0000000713800000|  0%| F|  |TAMS 0x0000000713600000, 0x0000000713600000| Untracked 
| 101|0x0000000713800000, 0x0000000713800000, 0x0000000713a00000|  0%| F|  |TAMS 0x0000000713800000, 0x0000000713800000| Untracked 
| 102|0x0000000713a00000, 0x0000000713a00000, 0x0000000713c00000|  0%| F|  |TAMS 0x0000000713a00000, 0x0000000713a00000| Untracked 
| 103|0x0000000713c00000, 0x0000000713c00000, 0x0000000713e00000|  0%| F|  |TAMS 0x0000000713c00000, 0x0000000713c00000| Untracked 
| 104|0x0000000713e00000, 0x0000000713e00000, 0x0000000714000000|  0%| F|  |TAMS 0x0000000713e00000, 0x0000000713e00000| Untracked 
| 105|0x0000000714000000, 0x0000000714000000, 0x0000000714200000|  0%| F|  |TAMS 0x0000000714000000, 0x0000000714000000| Untracked 
| 106|0x0000000714200000, 0x0000000714200000, 0x0000000714400000|  0%| F|  |TAMS 0x0000000714200000, 0x0000000714200000| Untracked 
| 107|0x0000000714400000, 0x0000000714400000, 0x0000000714600000|  0%| F|  |TAMS 0x0000000714400000, 0x0000000714400000| Untracked 
| 108|0x0000000714600000, 0x0000000714600000, 0x0000000714800000|  0%| F|  |TAMS 0x0000000714600000, 0x0000000714600000| Untracked 
| 109|0x0000000714800000, 0x0000000714800000, 0x0000000714a00000|  0%| F|  |TAMS 0x0000000714800000, 0x0000000714800000| Untracked 
| 110|0x0000000714a00000, 0x0000000714a00000, 0x0000000714c00000|  0%| F|  |TAMS 0x0000000714a00000, 0x0000000714a00000| Untracked 
| 111|0x0000000714c00000, 0x0000000714c00000, 0x0000000714e00000|  0%| F|  |TAMS 0x0000000714c00000, 0x0000000714c00000| Untracked 
| 112|0x0000000714e00000, 0x0000000714e00000, 0x0000000715000000|  0%| F|  |TAMS 0x0000000714e00000, 0x0000000714e00000| Untracked 
| 113|0x0000000715000000, 0x0000000715000000, 0x0000000715200000|  0%| F|  |TAMS 0x0000000715000000, 0x0000000715000000| Untracked 
| 114|0x0000000715200000, 0x0000000715200000, 0x0000000715400000|  0%| F|  |TAMS 0x0000000715200000, 0x0000000715200000| Untracked 
| 115|0x0000000715400000, 0x0000000715400000, 0x0000000715600000|  0%| F|  |TAMS 0x0000000715400000, 0x0000000715400000| Untracked 
| 116|0x0000000715600000, 0x0000000715600000, 0x0000000715800000|  0%| F|  |TAMS 0x0000000715600000, 0x0000000715600000| Untracked 
| 117|0x0000000715800000, 0x0000000715800000, 0x0000000715a00000|  0%| F|  |TAMS 0x0000000715800000, 0x0000000715800000| Untracked 
| 118|0x0000000715a00000, 0x0000000715a00000, 0x0000000715c00000|  0%| F|  |TAMS 0x0000000715a00000, 0x0000000715a00000| Untracked 
| 119|0x0000000715c00000, 0x0000000715c00000, 0x0000000715e00000|  0%| F|  |TAMS 0x0000000715c00000, 0x0000000715c00000| Untracked 
| 120|0x0000000715e00000, 0x0000000715e00000, 0x0000000716000000|  0%| F|  |TAMS 0x0000000715e00000, 0x0000000715e00000| Untracked 
| 121|0x0000000716000000, 0x0000000716000000, 0x0000000716200000|  0%| F|  |TAMS 0x0000000716000000, 0x0000000716000000| Untracked 
| 122|0x0000000716200000, 0x0000000716200000, 0x0000000716400000|  0%| F|  |TAMS 0x0000000716200000, 0x0000000716200000| Untracked 
| 123|0x0000000716400000, 0x0000000716400000, 0x0000000716600000|  0%| F|  |TAMS 0x0000000716400000, 0x0000000716400000| Untracked 
| 124|0x0000000716600000, 0x0000000716600000, 0x0000000716800000|  0%| F|  |TAMS 0x0000000716600000, 0x0000000716600000| Untracked 
|1991|0x00000007ffc00000, 0x00000007ffd76000, 0x00000007ffe00000| 73%|OA|  |TAMS 0x00000007ffc00000, 0x00000007ffc00000| Untracked 
|1992|0x00000007ffe00000, 0x00000007ffe78000, 0x0000000800000000| 23%|CA|  |TAMS 0x00000007ffe00000, 0x00000007ffe00000| Untracked 

Card table byte_map: [0x00007f6bd7a5f000,0x00007f6bd8228000] _byte_map_base: 0x00007f6bd4228000

Marking Bits (Prev, Next): (CMBitMap*) 0x00007f6bf0080350, (CMBitMap*) 0x00007f6bf0080390
 Prev Bits: [0x00007f6bd344e000, 0x00007f6bd7296000)
 Next Bits: [0x00007f6bcf606000, 0x00007f6bd344e000)

GC Heap History (0 events):
No events

Dll operation events (1 events):
Event: 0.796 Loaded shared library /usr/lib64/jvm/java-17-openjdk-17/lib/libjava.so

Deoptimization events (0 events):
No events

Classes unloaded (0 events):
No events

Classes redefined (0 events):
No events

Internal exceptions (0 events):
No events

VM Operations (0 events):
No events

Events (3 events):
Event: 0.319 Protecting memory [0x00007f6bf49fd000,0x00007f6bf4a01000] with protection modes 0
Event: 2.557 Protecting memory [0x00007f6b762a1000,0x00007f6b762a5000] with protection modes 0
Event: 2.557 Thread 0x00007f6b70000bb0 Thread added: 0x00007f6b70000bb0


Dynamic libraries:
706e00000-716800000 rw-p 00000000 00:00 0 
716800000-7ffc00000 ---p 00000000 00:00 0 
7ffc00000-7ffd00000 rw-p 00000000 00:00 0 
7ffd00000-7ffd76000 rw-p 00c90000 103:01 3224008212                      /usr/lib64/jvm/java-17-openjdk-17/lib/server/classes.jsa
7ffd76000-7ffe00000 rw-p 00000000 00:00 0 
7ffe00000-7ffe78000 rw-p 00c18000 103:01 3224008212                      /usr/lib64/jvm/java-17-openjdk-17/lib/server/classes.jsa
7ffe78000-800000000 rw-p 00000000 00:00 0 
55fc5c95f000-55fc5c960000 r-xp 00000000 103:01 3224315479                /usr/lib64/jvm/java-17-openjdk-17/bin/java
55fc5c960000-55fc5c961000 r--p 00001000 103:01 3224315479                /usr/lib64/jvm/java-17-openjdk-17/bin/java
55fc5c961000-55fc5c962000 rw-p 00002000 103:01 3224315479                /usr/lib64/jvm/java-17-openjdk-17/bin/java
55fc5c9b8000-55fc5c9fe000 rw-p 00000000 00:00 0                          [heap]
7f6b70000000-7f6b70021000 rw-p 00000000 00:00 0 
7f6b70021000-7f6b74000000 ---p 00000000 00:00 0 
7f6b762a0000-7f6b762a1000 ---p 00000000 00:00 0 
7f6b762a1000-7f6b762a5000 ---p 00000000 00:00 0 
7f6b762a5000-7f6b76aa1000 rw-p 00000000 00:00 0 
7f6b76aa1000-7f6b76bdb000 r--p 00000000 103:01 3221989462                /opt/traps/lib/libmoduleng64.so
7f6b76bdb000-7f6b76dff000 r-xp 0013a000 103:01 3221989462                /opt/traps/lib/libmoduleng64.so
7f6b76dff000-7f6b76f5a000 r--p 0035e000 103:01 3221989462                /opt/traps/lib/libmoduleng64.so
7f6b76f5a000-7f6b76ffa000 rw-p 004b8000 103:01 3221989462                /opt/traps/lib/libmoduleng64.so
7f6b76ffa000-7f6b77000000 rw-p 00000000 00:00 0 
7f6b77000000-7f6b77be0000 rw-p 00001000 103:01 3224008212                /usr/lib64/jvm/java-17-openjdk-17/lib/server/classes.jsa
7f6b77be0000-7f6bb8000000 ---p 00000000 00:00 0 
7f6bb8000000-7f6bb8021000 rw-p 00000000 00:00 0 
7f6bb8021000-7f6bbc000000 ---p 00000000 00:00 0 
7f6bbc000000-7f6bbc021000 rw-p 00000000 00:00 0 
7f6bbc021000-7f6bc0000000 ---p 00000000 00:00 0 
7f6bc0000000-7f6bc0021000 rw-p 00000000 00:00 0 
7f6bc0021000-7f6bc4000000 ---p 00000000 00:00 0 
7f6bc4000000-7f6bc4021000 rw-p 00000000 00:00 0 
7f6bc4021000-7f6bc8000000 ---p 00000000 00:00 0 
7f6bc8000000-7f6bc8021000 rw-p 00000000 00:00 0 
7f6bc8021000-7f6bcc000000 ---p 00000000 00:00 0 
7f6bcc25e000-7f6bcc27e000 rw-p 00000000 00:00 0 
7f6bcc3f2000-7f6bcc7d6000 rw-p 00000000 00:00 0 
7f6bcc841000-7f6bcc878000 r--p 00be1000 103:01 3224008212                /usr/lib64/jvm/java-17-openjdk-17/lib/server/classes.jsa
7f6bcc878000-7f6bcc879000 ---p 00000000 00:00 0 
7f6bcc879000-7f6bcc979000 rw-p 00000000 00:00 0 
7f6bcc979000-7f6bcc97a000 ---p 00000000 00:00 0 
7f6bcc97a000-7f6bcf282000 rw-p 00000000 00:00 0 
7f6bcf282000-7f6bcf283000 ---p 00000000 00:00 0 
7f6bcf283000-7f6bcf383000 rw-p 00000000 00:00 0 
7f6bcf383000-7f6bcf384000 ---p 00000000 00:00 0 
7f6bcf384000-7f6bcf484000 rw-p 00000000 00:00 0 
7f6bcf484000-7f6bcf485000 ---p 00000000 00:00 0 
7f6bcf485000-7f6bcf9ee000 rw-p 00000000 00:00 0 
7f6bcf9ee000-7f6bd343e000 ---p 00000000 00:00 0 
7f6bd343e000-7f6bd3836000 rw-p 00000000 00:00 0 
7f6bd3836000-7f6bd7286000 ---p 00000000 00:00 0 
7f6bd7286000-7f6bd7313000 rw-p 00000000 00:00 0 
7f6bd7313000-7f6bd7a5d000 ---p 00000000 00:00 0 
7f6bd7a5d000-7f6bd7adc000 rw-p 00000000 00:00 0 
7f6bd7adc000-7f6bd8226000 ---p 00000000 00:00 0 
7f6bd8226000-7f6bd82a5000 rw-p 00000000 00:00 0 
7f6bd82a5000-7f6bd89ef000 ---p 00000000 00:00 0 
7f6bd89ef000-7f6bd91fe000 rw-p 00000000 00:00 0 
7f6bd91fe000-7f6bd92e4000 ---p 00000000 00:00 0 
7f6bd92e4000-7f6bd9554000 rwxp 00000000 00:00 0 
7f6bd9554000-7f6be081b000 ---p 00000000 00:00 0 
7f6be081b000-7f6be0a8b000 rwxp 00000000 00:00 0 
7f6be0a8b000-7f6be0dad000 ---p 00000000 00:00 0 
7f6be0dad000-7f6be101d000 rwxp 00000000 00:00 0 
7f6be101d000-7f6be82e4000 ---p 00000000 00:00 0 
7f6be82e4000-7f6bf0000000 r--s 00000000 103:01 3229968133                /usr/lib64/jvm/java-17-openjdk-17/lib/modules
7f6bf0000000-7f6bf015f000 rw-p 00000000 00:00 0 
7f6bf015f000-7f6bf4000000 ---p 00000000 00:00 0 
7f6bf4001000-7f6bf4002000 r-xp 00000000 00:00 0 
7f6bf4002000-7f6bf4007000 rw-p 00000000 00:00 0 
7f6bf4007000-7f6bf40ed000 ---p 00000000 00:00 0 
7f6bf40ed000-7f6bf40f2000 rw-p 00000000 00:00 0 
7f6bf40f2000-7f6bf40f9000 ---p 00000000 00:00 0 
7f6bf40f9000-7f6bf411e000 r-xp 00000000 103:01 3224065758                /usr/lib64/jvm/java-17-openjdk-17/lib/libjava.so
7f6bf411e000-7f6bf411f000 r--p 00025000 103:01 3224065758                /usr/lib64/jvm/java-17-openjdk-17/lib/libjava.so
7f6bf411f000-7f6bf4120000 rw-p 00026000 103:01 3224065758                /usr/lib64/jvm/java-17-openjdk-17/lib/libjava.so
7f6bf4120000-7f6bf4121000 rw-p 00000000 00:00 0 
7f6bf4121000-7f6bf4129000 rw-s 00000000 103:01 1074349336                /tmp/hsperfdata_swittche/16580
7f6bf4129000-7f6bf49fd000 r--s 00000000 103:01 1075005904                /var/lib/sss/mc/passwd
7f6bf49fd000-7f6bf4a01000 ---p 00000000 00:00 0 
7f6bf4a01000-7f6bf4afe000 rw-p 00000000 00:00 0 
7f6bf4afe000-7f6bf4b20000 r-xp 00000000 103:01 1074779584                /lib64/libgcc_s.so.1
7f6bf4b20000-7f6bf4b21000 r--p 00021000 103:01 1074779584                /lib64/libgcc_s.so.1
7f6bf4b21000-7f6bf4b22000 rw-p 00022000 103:01 1074779584                /lib64/libgcc_s.so.1
7f6bf4b22000-7f6bf4c6b000 r-xp 00000000 103:01 1076261481                /lib64/libm-2.31.so
7f6bf4c6b000-7f6bf4c6c000 r--p 00148000 103:01 1076261481                /lib64/libm-2.31.so
7f6bf4c6c000-7f6bf4c6e000 rw-p 00149000 103:01 1076261481                /lib64/libm-2.31.so
7f6bf4c6e000-7f6bf4ea1000 r-xp 00000000 103:01 2150252705                /usr/lib64/libstdc++.so.6.0.32
7f6bf4ea1000-7f6bf4eac000 r--p 00233000 103:01 2150252705                /usr/lib64/libstdc++.so.6.0.32
7f6bf4eac000-7f6bf4eaf000 rw-p 0023e000 103:01 2150252705                /usr/lib64/libstdc++.so.6.0.32
7f6bf4eaf000-7f6bf4eb3000 rw-p 00000000 00:00 0 
7f6bf4eb3000-7f6bf615c000 r-xp 00000000 103:01 3224008216                /usr/lib64/jvm/java-17-openjdk-17/lib/server/libjvm.so
7f6bf615c000-7f6bf6214000 r--p 012a9000 103:01 3224008216                /usr/lib64/jvm/java-17-openjdk-17/lib/server/libjvm.so
7f6bf6214000-7f6bf6249000 rw-p 01361000 103:01 3224008216                /usr/lib64/jvm/java-17-openjdk-17/lib/server/libjvm.so
7f6bf6249000-7f6bf62a6000 rw-p 00000000 00:00 0 
7f6bf62a6000-7f6bf62c4000 r-xp 00000000 103:01 1073919863                /lib64/libpthread-2.31.so
7f6bf62c4000-7f6bf62c5000 r--p 0001d000 103:01 1073919863                /lib64/libpthread-2.31.so
7f6bf62c5000-7f6bf62c6000 rw-p 0001e000 103:01 1073919863                /lib64/libpthread-2.31.so
7f6bf62c6000-7f6bf62cc000 rw-p 00000000 00:00 0 
7f6bf62cc000-7f6bf62cf000 r-xp 00000000 103:01 1076261479                /lib64/libdl-2.31.so
7f6bf62cf000-7f6bf62d0000 r--p 00002000 103:01 1076261479                /lib64/libdl-2.31.so
7f6bf62d0000-7f6bf62d1000 rw-p 00003000 103:01 1076261479                /lib64/libdl-2.31.so
7f6bf62d1000-7f6bf62e7000 r-xp 00000000 103:01 1073920156                /lib64/libz.so.1.2.11
7f6bf62e7000-7f6bf62e8000 r--p 00015000 103:01 1073920156                /lib64/libz.so.1.2.11
7f6bf62e8000-7f6bf62e9000 rw-p 00016000 103:01 1073920156                /lib64/libz.so.1.2.11
7f6bf62e9000-7f6bf63f0000 r-xp 00000000 103:01 1075978069                /lib64/libc-2.31.so
7f6bf63f0000-7f6bf63f1000 r-xp 00107000 103:01 1075978069                /lib64/libc-2.31.so
7f6bf63f1000-7f6bf64d1000 r-xp 00108000 103:01 1075978069                /lib64/libc-2.31.so
7f6bf64d1000-7f6bf64d4000 r--p 001e7000 103:01 1075978069                /lib64/libc-2.31.so
7f6bf64d4000-7f6bf64dc000 rw-p 001ea000 103:01 1075978069                /lib64/libc-2.31.so
7f6bf64dc000-7f6bf64e0000 rw-p 00000000 00:00 0 
7f6bf64e6000-7f6bf64f0000 r-xp 00000000 103:01 1074350327                /lib64/libnss_sss.so.2
7f6bf64f0000-7f6bf64f1000 r--p 00009000 103:01 1074350327                /lib64/libnss_sss.so.2
7f6bf64f1000-7f6bf64f2000 rw-p 0000a000 103:01 1074350327                /lib64/libnss_sss.so.2
7f6bf64f2000-7f6bf64fa000 r-xp 00000000 103:01 1073919853                /lib64/libnss_compat-2.31.so
7f6bf64fa000-7f6bf64fb000 r--p 00007000 103:01 1073919853                /lib64/libnss_compat-2.31.so
7f6bf64fb000-7f6bf64fc000 rw-p 00008000 103:01 1073919853                /lib64/libnss_compat-2.31.so
7f6bf64fc000-7f6bf64fd000 ---p 00000000 00:00 0 
7f6bf64fd000-7f6bf64fe000 r--p 00000000 00:00 0 
7f6bf64fe000-7f6bf64ff000 ---p 00000000 00:00 0 
7f6bf64ff000-7f6bf6504000 r-xp 00000000 103:01 3224065761                /usr/lib64/jvm/java-17-openjdk-17/lib/libjimage.so
7f6bf6504000-7f6bf6505000 r--p 00004000 103:01 3224065761                /usr/lib64/jvm/java-17-openjdk-17/lib/libjimage.so
7f6bf6505000-7f6bf6506000 rw-p 00005000 103:01 3224065761                /usr/lib64/jvm/java-17-openjdk-17/lib/libjimage.so
7f6bf6506000-7f6bf6515000 r-xp 00000000 103:01 3224642559                /usr/lib64/jvm/java-17-openjdk-17/lib/libjli.so
7f6bf6515000-7f6bf6516000 r--p 0000f000 103:01 3224642559                /usr/lib64/jvm/java-17-openjdk-17/lib/libjli.so
7f6bf6516000-7f6bf6517000 rw-p 00010000 103:01 3224642559                /usr/lib64/jvm/java-17-openjdk-17/lib/libjli.so
7f6bf6517000-7f6bf6519000 rw-p 00000000 00:00 0 
7f6bf6519000-7f6bf6544000 r-xp 00000000 103:01 1074116307                /lib64/ld-2.31.so
7f6bf6544000-7f6bf6545000 r--p 0002a000 103:01 1074116307                /lib64/ld-2.31.so
7f6bf6545000-7f6bf6547000 rw-p 0002b000 103:01 1074116307                /lib64/ld-2.31.so
7ffc45dd6000-7ffc45df7000 rw-p 00000000 00:00 0                          [stack]
7ffc45dfa000-7ffc45dfe000 r--p 00000000 00:00 0                          [vvar]
7ffc45dfe000-7ffc45e00000 r-xp 00000000 00:00 0                          [vdso]
ffffffffff600000-ffffffffff601000 --xp 00000000 00:00 0                  [vsyscall]


VM Arguments:
jvm_args: -Dclassworlds.conf=/usr/share/maven/bin/m2.conf -Dmaven.home=/usr/share/maven -Dlibrary.jansi.path=/usr/share/maven/lib/jansi-native -Dmaven.multiModuleProjectDirectory=/data/swittche/github/CRIMSy/ui 
java_command: org.codehaus.plexus.classworlds.launcher.Launcher -DskipTests package
java_class_path (initial): /usr/share/java/plexus-classworlds.jar
Launcher Type: SUN_STANDARD

[Global flags]
     intx CICompilerCount                          = 4                                         {product} {ergonomic}
     uint ConcGCThreads                            = 2                                         {product} {ergonomic}
     uint G1ConcRefinementThreads                  = 8                                         {product} {ergonomic}
   size_t G1HeapRegionSize                         = 2097152                                   {product} {ergonomic}
    uintx GCDrainStackTargetSize                   = 64                                        {product} {ergonomic}
   size_t InitialHeapSize                          = 262144000                                 {product} {ergonomic}
   size_t MarkStackSize                            = 4194304                                   {product} {ergonomic}
   size_t MaxHeapSize                              = 4179623936                                {product} {ergonomic}
   size_t MaxNewSize                               = 2506096640                                {product} {ergonomic}
   size_t MinHeapDeltaBytes                        = 2097152                                   {product} {ergonomic}
   size_t MinHeapSize                              = 8388608                                   {product} {ergonomic}
    uintx NonNMethodCodeHeapSize                   = 5839372                                {pd product} {ergonomic}
    uintx NonProfiledCodeHeapSize                  = 122909434                              {pd product} {ergonomic}
    uintx ProfiledCodeHeapSize                     = 122909434                              {pd product} {ergonomic}
    uintx ReservedCodeCacheSize                    = 251658240                              {pd product} {ergonomic}
     bool SegmentedCodeCache                       = true                                      {product} {ergonomic}
   size_t SoftMaxHeapSize                          = 4179623936                             {manageable} {ergonomic}
     bool UseCompressedClassPointers               = true                           {product lp64_product} {ergonomic}
     bool UseCompressedOops                        = true                           {product lp64_product} {ergonomic}
     bool UseG1GC                                  = true                                      {product} {ergonomic}

Logging:
Log output configuration:
 #0: stdout all=warning uptime,level,tags
 #1: stderr all=off uptime,level,tags

Environment Variables:
JAVA_HOME=/usr/lib64/jvm/java-17-openjdk-17
PATH=/usr/local/bin:/usr/bin:/bin:/snap/bin
SHELL=/bin/bash
DISPLAY=:0
HOSTTYPE=x86_64
OSTYPE=linux
MACHTYPE=x86_64-suse-linux
LANG=en_US.UTF-8
TERM=xterm

Active Locale:
LC_ALL=C
LC_COLLATE=C
LC_CTYPE=C
LC_MESSAGES=C
LC_MONETARY=C
LC_NUMERIC=C
LC_TIME=C

Signal Handlers:
   SIGSEGV: crash_handler in libjvm.so, mask=11100100010111111101111111111110, flags=SA_RESTART|SA_SIGINFO, unblocked
    SIGBUS: crash_handler in libjvm.so, mask=11100100010111111101111111111110, flags=SA_RESTART|SA_SIGINFO, unblocked
    SIGFPE: crash_handler in libjvm.so, mask=11100100010111111101111111111110, flags=SA_RESTART|SA_SIGINFO, unblocked
   SIGPIPE: javaSignalHandler in libjvm.so, mask=11100100010111111101111111111110, flags=SA_RESTART|SA_SIGINFO, blocked
   SIGXFSZ: javaSignalHandler in libjvm.so, mask=11100100010111111101111111111110, flags=SA_RESTART|SA_SIGINFO, blocked
    SIGILL: crash_handler in libjvm.so, mask=11100100010111111101111111111110, flags=SA_RESTART|SA_SIGINFO, unblocked
   SIGUSR2: SR_handler in libjvm.so, mask=00000000000000000000000000000000, flags=SA_RESTART|SA_SIGINFO, blocked
    SIGHUP: SIG_DFL, mask=00000000000000000000000000000000, flags=none, blocked
    SIGINT: SIG_DFL, mask=00000000000000000000000000000000, flags=none, blocked
   SIGTERM: SIG_DFL, mask=00000000000000000000000000000000, flags=none, blocked
   SIGQUIT: UserHandler in libjvm.so, mask=11100100010111111101111111111110, flags=SA_RESTART|SA_SIGINFO, blocked
   SIGTRAP: crash_handler in libjvm.so, mask=11100100010111111101111111111110, flags=SA_RESTART|SA_SIGINFO, unblocked


Periodic native trim disabled


---------------  S Y S T E M  ---------------

OS:
NAME="openSUSE Leap"
VERSION="15.4"
ID="opensuse-leap"
ID_LIKE="suse opensuse"
VERSION_ID="15.4"
PRETTY_NAME="openSUSE Leap 15.4"
ANSI_COLOR="0;32"
CPE_NAME="cpe:/o:opensuse:leap:15.4"
BUG_REPORT_URL="https://bugs.opensuse.org"
HOME_URL="https://www.opensuse.org/"
DOCUMENTATION_URL="https://en.opensuse.org/Portal:Leap"
LOGO="distributor-logo-Leap"
uname: Linux 5.14.21-150400.24.63-default #1 SMP PREEMPT_DYNAMIC Tue May 2 15:49:04 UTC 2023 (fd0cc4f) x86_64
OS uptime: 0 days 1:21 hours
libc: glibc 2.31 NPTL 2.31 
rlimit (soft/hard): STACK 8192k/infinity , CORE infinity/infinity , NPROC 63577/63577 , NOFILE 524288/524288 , AS infinity/infinity , CPU infinity/infinity , DATA infinity/infinity , FSIZE infinity/infinity , MEMLOCK 64k/64k
load average: 6.31 4.71 2.79

/proc/meminfo:
MemTotal:       16320452 kB
MemFree:          579644 kB
MemAvailable:    9443428 kB
Buffers:            6984 kB
Cached:          7961464 kB
SwapCached:           24 kB
Active:          1799884 kB
Inactive:       11840400 kB
Active(anon):      22488 kB
Inactive(anon):  5715912 kB
Active(file):    1777396 kB
Inactive(file):  6124488 kB
Unevictable:          80 kB
Mlocked:              80 kB
SwapTotal:      16777212 kB
SwapFree:       16772824 kB
Dirty:              2404 kB
Writeback:           176 kB
AnonPages:       5614668 kB
Mapped:           761480 kB
Shmem:             66460 kB
KReclaimable:    1297312 kB
Slab:            1454576 kB
SReclaimable:    1297312 kB
SUnreclaim:       157264 kB
KernelStack:       21072 kB
PageTables:        55688 kB
NFS_Unstable:          0 kB
Bounce:                0 kB
WritebackTmp:          0 kB
CommitLimit:    24937436 kB
Committed_AS:   13363780 kB
VmallocTotal:   34359738367 kB
VmallocUsed:       64832 kB
VmallocChunk:          0 kB
Percpu:             6080 kB
HardwareCorrupted:     0 kB
AnonHugePages:   3264512 kB
ShmemHugePages:        0 kB
ShmemPmdMapped:        0 kB
FileHugePages:         0 kB
FilePmdMapped:         0 kB
CmaTotal:              0 kB
CmaFree:               0 kB
HugePages_Total:       0
HugePages_Free:        0
HugePages_Rsvd:        0
HugePages_Surp:        0
Hugepagesize:       2048 kB
Hugetlb:               0 kB
DirectMap4k:      457192 kB
DirectMap2M:    15216640 kB
DirectMap1G:     1048576 kB

/sys/kernel/mm/transparent_hugepage/enabled: [always] madvise never
/sys/kernel/mm/transparent_hugepage/defrag (defrag/compaction efforts parameter): always defer defer+madvise [madvise] never

Process Memory:
Virtual Size: 6243148K (peak: 6305152K)
Resident Set Size: 37652K (peak: 37652K) (anon: 20516K, file: 17136K, shmem: 0K)
Swapped out: 0K
C-Heap outstanding allocations: 22051K, retained: 856K
glibc malloc tunables: (default)

/proc/sys/kernel/threads-max (system-wide limit on the number of threads): 127154
/proc/sys/vm/max_map_count (maximum number of memory map areas a process may have): 65530
/proc/sys/kernel/pid_max (system-wide limit on number of process identifiers): 32768

container (cgroup) information:
container_type: cgroupv1
cpu_cpuset_cpus: 0-7
cpu_memory_nodes: 0
active_processor_count: 8
cpu_quota: no quota
cpu_period: 100000
cpu_shares: no shares
memory_limit_in_bytes: unlimited
memory_and_swap_limit_in_bytes: unlimited
memory_soft_limit_in_bytes: unlimited
memory_usage_in_bytes: 5135960 k
memory_max_usage_in_bytes: 5629084 k
kernel_memory_usage_in_bytes: 203692 k
kernel_memory_max_usage_in_bytes: unlimited
kernel_memory_limit_in_bytes: 218644 k
maximum number of tasks: unlimited
current number of tasks: 560

Steal ticks since vm start: 0
Steal ticks percentage since vm start:  0.000

CPU: total 8 (initial active 8) (4 cores per cpu, 2 threads per core) family 6 model 45 stepping 7 microcode 0x71a, cx8, cmov, fxsr, ht, mmx, sse, sse2, sse3, ssse3, sse4.1, sse4.2, popcnt, tsc, tscinvbit, avx, aes, clmul, vzeroupper, clflush
CPU Model and flags from /proc/cpuinfo:
model name	: Intel(R) Core(TM) i7-3820 CPU @ 3.60GHz
flags		: fpu vme de pse tsc msr pae mce cx8 apic sep mtrr pge mca cmov pat pse36 clflush dts acpi mmx fxsr sse sse2 ss ht tm pbe syscall nx pdpe1gb rdtscp lm constant_tsc arch_perfmon pebs bts rep_good nopl xtopology nonstop_tsc cpuid aperfmperf pni pclmulqdq dtes64 monitor ds_cpl vmx est tm2 ssse3 cx16 xtpr pdcm pcid dca sse4_1 sse4_2 x2apic popcnt tsc_deadline_timer aes xsave avx lahf_lm epb pti ssbd ibrs ibpb stibp tpr_shadow vnmi flexpriority ept vpid xsaveopt dtherm ida arat pln pts md_clear flush_l1d

Online cpus: 0-7
Offline cpus: 
BIOS frequency limitation: <Not Available>
Frequency switch latency (ns): 0
Available cpu frequencies: <Not Available>
Current governor: powersave
Core performance/turbo boost: <Not Available>

Memory: 4k page, physical 16320452k(579644k free), swap 16777212k(16772824k free)
Page Sizes: 4k

vm_info: OpenJDK 64-Bit Server VM (17.0.9+0-suse-150400.3.33.1-x8664) for linux-amd64 JRE (17.0.9+0-suse-150400.3.33.1-x8664), built on Oct 20 2023 09:47:14 by "abuild" with gcc 7.5.0

END.
